<?xml version="1.0" encoding="UTF-8"?>
<!-- Generated by org.testng.reporters.JUnitReportReporter -->
<testsuite hostname="DESKTOP-651GR1T" failures="0" tests="4" name="api.test.UserTest" time="8.490" errors="0" timestamp="2024-04-26T18:09:01 IST" skipped="0">
  <testcase classname="api.test.UserTest" name="testPostUser" time="3.144"/>
  <testcase classname="api.test.UserTest" name="testGetUserByName" time="1.297"/>
  <testcase classname="api.test.UserTest" name="testUpdateUserByName" time="2.716"/>
  <testcase classname="api.test.UserTest" name="testDeleteUserByName" time="1.333"/>
</testsuite> <!-- api.test.UserTest -->
