<?xml version="1.0" encoding="UTF-8"?>
<!-- Generated by org.testng.reporters.JUnitReportReporter -->
<testsuite hostname="DESKTOP-651GR1T" failures="0" tests="4" name="api.test.UserTest2" time="8.334" errors="0" timestamp="2024-04-29T11:05:56 IST" skipped="0">
  <testcase classname="api.test.UserTest2" name="testPostUser" time="3.029"/>
  <testcase classname="api.test.UserTest2" name="testGetUserByName" time="1.288"/>
  <testcase classname="api.test.UserTest2" name="testUpdateUserByName" time="2.678"/>
  <testcase classname="api.test.UserTest2" name="testDeleteUserByName" time="1.339"/>
</testsuite> <!-- api.test.UserTest2 -->
